23:58:54.282 [main] INFO  - Goto my account-->Click on Login.. 
23:58:54.783 [main] INFO  - Entering email and password.. 
23:58:55.869 [main] INFO  - clicked on login button...
23:59:00.799 [main] INFO  - Goto my account-->Click on Login.. 
23:59:01.379 [main] INFO  - Entering email and password.. 
23:59:02.447 [main] INFO  - clicked on login button...
23:59:07.945 [main] INFO  - Goto my account-->Click on Login.. 
23:59:08.589 [main] INFO  - Entering email and password.. 
23:59:09.907 [main] INFO  - clicked on login button...
00:00:13.801 [main] INFO  - Goto my account-->Click on Login.. 
00:00:14.325 [main] INFO  - Entering email and password.. 
00:00:15.420 [main] INFO  - clicked on login button...
00:00:20.751 [main] INFO  - Goto my account-->Click on Login.. 
00:00:21.318 [main] INFO  - Entering email and password.. 
00:00:22.494 [main] INFO  - clicked on login button...
00:00:27.811 [main] INFO  - Goto my account-->Click on Login.. 
00:00:28.322 [main] INFO  - Entering email and password.. 
00:00:29.460 [main] INFO  - clicked on login button...
00:00:34.341 [main] INFO  - Goto my account-->Click on Login.. 
00:00:35.013 [main] DEBUG - Parsing relationship: /xl/_rels/workbook.xml.rels
00:00:35.014 [main] DEBUG - Parsing relationship: /xl/worksheets/_rels/sheet1.xml.rels
00:00:35.014 [main] DEBUG - Parsing relationship: /_rels/.rels
00:00:35.182 [main] TRACE - Loading type system org.apache.poi.schemas.ooxml.system.ooxml
00:00:35.182 [main] TRACE - Loading type system org.apache.xmlbeans.metadata.system.sXMLCONFIG
00:00:35.182 [main] TRACE - Loading type system org.apache.xmlbeans.metadata.system.sXMLLANG
00:00:35.182 [main] TRACE - Loading type system org.apache.xmlbeans.metadata.system.sXMLSCHEMA
00:00:35.182 [main] TRACE - Loading type system org.apache.xmlbeans.metadata.system.sXMLTOOLS
00:00:35.182 [main] TRACE - Reading unresolved handles for type system org.apache.xmlbeans.metadata.system.sXMLTOOLS
00:00:35.198 [main] TRACE - Finished loading type system org.apache.xmlbeans.metadata.system.sXMLTOOLS
00:00:35.198 [main] TRACE - Reading unresolved handles for type system org.apache.xmlbeans.metadata.system.sXMLSCHEMA
00:00:35.198 [main] TRACE - Finished loading type system org.apache.xmlbeans.metadata.system.sXMLSCHEMA
00:00:35.198 [main] TRACE - Reading unresolved handles for type system org.apache.xmlbeans.metadata.system.sXMLLANG
00:00:35.198 [main] TRACE - Finished loading type system org.apache.xmlbeans.metadata.system.sXMLLANG
00:00:35.198 [main] TRACE - Reading unresolved handles for type system org.apache.xmlbeans.metadata.system.sXMLCONFIG
00:00:35.198 [main] TRACE - Finished loading type system org.apache.xmlbeans.metadata.system.sXMLCONFIG
00:00:35.198 [main] TRACE - Reading unresolved handles for type system org.apache.poi.schemas.ooxml.system.ooxml
00:00:35.260 [main] TRACE - Finished loading type system org.apache.poi.schemas.ooxml.system.ooxml
00:00:35.260 [main] TRACE - Resolving type for handle themefd26doctype
00:00:35.309 [main] TRACE - Resolving type for handle stylesheet5d8bdoctype
00:00:35.309 [main] TRACE - Resolving type for handle ctstylesheet4257type
00:00:35.324 [main] TRACE - Resolving type for handle ctfonts6623type
00:00:35.324 [main] TRACE - Resolving type for handle ctfont14d8type
00:00:35.324 [main] TRACE - Resolving type for handle ctfills2c6ftype
00:00:35.324 [main] TRACE - Resolving type for handle ctfill550ctype
00:00:35.324 [main] TRACE - Resolving type for handle ctborders0d66type
00:00:35.324 [main] TRACE - Resolving type for handle ctborderf935type
00:00:35.340 [main] TRACE - Resolving type for handle ctcellxfs1322type
00:00:35.340 [main] TRACE - Resolving type for handle ctxf97f7type
00:00:35.340 [main] TRACE - Resolving type for handle ctcellstylexfsa81ftype
00:00:35.340 [main] TRACE - Resolving type for handle ctdxfsb26atype
00:00:35.340 [main] TRACE - Resolving type for handle cttablestyles872ftype
00:00:35.340 [main] TRACE - Resolving type for handle sstf81fdoctype
00:00:35.356 [main] TRACE - Resolving type for handle ctsst44f3type
00:00:35.356 [main] TRACE - Resolving type for handle ctrsta472type
00:00:35.378 [main] DEBUG - using default POIXMLDocumentPart for http://schemas.openxmlformats.org/officeDocument/2006/relationships/printerSettings
00:00:35.378 [main] TRACE - Resolving type for handle workbookec17doctype
00:00:35.388 [main] TRACE - Resolving type for handle ctworkbook83c3type
00:00:35.388 [main] TRACE - Resolving type for handle ctsheets49fdtype
00:00:35.388 [main] TRACE - Resolving type for handle ctsheet4dbetype
00:00:35.404 [main] TRACE - Resolving type for handle strelationshipid1e94type
00:00:35.404 [main] TRACE - Resolving type for handle worksheetf539doctype
00:00:35.404 [main] TRACE - Resolving type for handle ctworksheet530dtype
00:00:35.420 [main] TRACE - Resolving type for handle ctcols627ctype
00:00:35.420 [main] TRACE - Resolving type for handle ctcola95ftype
00:00:35.436 [main] TRACE - Resolving type for handle ctsheetdata8408type
00:00:35.436 [main] TRACE - Resolving type for handle ctrowdd39type
00:00:35.436 [main] TRACE - Resolving type for handle ctcell842btype
00:00:35.451 [main] TRACE - Resolving type for handle stcellrefe4e0type
00:00:35.451 [main] TRACE - Resolving type for handle cthyperlinks6416type
00:00:35.451 [main] TRACE - Resolving type for handle cthyperlink0c85type
00:00:35.467 [main] TRACE - Resolving type for handle stxstringf179type
00:00:35.467 [main] TRACE - Resolving type for handle stcelltypebf95type
00:00:48.809 [main] INFO  - Goto my account-->Click on Login.. 
00:00:49.442 [main] DEBUG - Parsing relationship: /xl/_rels/workbook.xml.rels
00:00:49.442 [main] DEBUG - Parsing relationship: /xl/worksheets/_rels/sheet1.xml.rels
00:00:49.443 [main] DEBUG - Parsing relationship: /_rels/.rels
00:00:49.456 [main] DEBUG - using default POIXMLDocumentPart for http://schemas.openxmlformats.org/officeDocument/2006/relationships/printerSettings
00:03:00.790 [main] INFO  - Goto my account-->Click on Login.. 
00:03:01.319 [main] INFO  - Entering email and password.. 
00:03:02.430 [main] INFO  - clicked on login button...
00:03:07.082 [main] INFO  - Goto my account-->Click on Login.. 
00:03:07.556 [main] INFO  - Entering email and password.. 
00:03:08.533 [main] INFO  - clicked on login button...
00:03:12.792 [main] INFO  - Goto my account-->Click on Login.. 
00:03:13.300 [main] INFO  - Entering email and password.. 
00:03:14.386 [main] INFO  - clicked on login button...
00:03:19.653 [main] INFO  - Goto my account-->Click on Login.. 
00:03:20.281 [main] DEBUG - Parsing relationship: /xl/_rels/workbook.xml.rels
00:03:20.282 [main] DEBUG - Parsing relationship: /xl/worksheets/_rels/sheet1.xml.rels
00:03:20.284 [main] DEBUG - Parsing relationship: /_rels/.rels
00:03:20.409 [main] TRACE - Loading type system org.apache.poi.schemas.ooxml.system.ooxml
00:03:20.413 [main] TRACE - Loading type system org.apache.xmlbeans.metadata.system.sXMLCONFIG
00:03:20.413 [main] TRACE - Loading type system org.apache.xmlbeans.metadata.system.sXMLLANG
00:03:20.414 [main] TRACE - Loading type system org.apache.xmlbeans.metadata.system.sXMLSCHEMA
00:03:20.414 [main] TRACE - Loading type system org.apache.xmlbeans.metadata.system.sXMLTOOLS
00:03:20.415 [main] TRACE - Reading unresolved handles for type system org.apache.xmlbeans.metadata.system.sXMLTOOLS
00:03:20.423 [main] TRACE - Finished loading type system org.apache.xmlbeans.metadata.system.sXMLTOOLS
00:03:20.424 [main] TRACE - Reading unresolved handles for type system org.apache.xmlbeans.metadata.system.sXMLSCHEMA
00:03:20.431 [main] TRACE - Finished loading type system org.apache.xmlbeans.metadata.system.sXMLSCHEMA
00:03:20.432 [main] TRACE - Reading unresolved handles for type system org.apache.xmlbeans.metadata.system.sXMLLANG
00:03:20.433 [main] TRACE - Finished loading type system org.apache.xmlbeans.metadata.system.sXMLLANG
00:03:20.434 [main] TRACE - Reading unresolved handles for type system org.apache.xmlbeans.metadata.system.sXMLCONFIG
00:03:20.435 [main] TRACE - Finished loading type system org.apache.xmlbeans.metadata.system.sXMLCONFIG
00:03:20.435 [main] TRACE - Reading unresolved handles for type system org.apache.poi.schemas.ooxml.system.ooxml
00:03:20.480 [main] TRACE - Finished loading type system org.apache.poi.schemas.ooxml.system.ooxml
00:03:20.482 [main] TRACE - Resolving type for handle themefd26doctype
00:03:20.532 [main] TRACE - Resolving type for handle stylesheet5d8bdoctype
00:03:20.537 [main] TRACE - Resolving type for handle ctstylesheet4257type
00:03:20.540 [main] TRACE - Resolving type for handle ctfonts6623type
00:03:20.543 [main] TRACE - Resolving type for handle ctfont14d8type
00:03:20.548 [main] TRACE - Resolving type for handle ctfills2c6ftype
00:03:20.549 [main] TRACE - Resolving type for handle ctfill550ctype
00:03:20.551 [main] TRACE - Resolving type for handle ctborders0d66type
00:03:20.553 [main] TRACE - Resolving type for handle ctborderf935type
00:03:20.557 [main] TRACE - Resolving type for handle ctcellxfs1322type
00:03:20.560 [main] TRACE - Resolving type for handle ctxf97f7type
00:03:20.562 [main] TRACE - Resolving type for handle ctcellstylexfsa81ftype
00:03:20.563 [main] TRACE - Resolving type for handle ctdxfsb26atype
00:03:20.565 [main] TRACE - Resolving type for handle cttablestyles872ftype
00:03:20.568 [main] TRACE - Resolving type for handle sstf81fdoctype
00:03:20.572 [main] TRACE - Resolving type for handle ctsst44f3type
00:03:20.578 [main] TRACE - Resolving type for handle ctrsta472type
00:03:20.597 [main] DEBUG - using default POIXMLDocumentPart for http://schemas.openxmlformats.org/officeDocument/2006/relationships/printerSettings
00:03:20.598 [main] TRACE - Resolving type for handle workbookec17doctype
00:03:20.602 [main] TRACE - Resolving type for handle ctworkbook83c3type
00:03:20.605 [main] TRACE - Resolving type for handle ctsheets49fdtype
00:03:20.606 [main] TRACE - Resolving type for handle ctsheet4dbetype
00:03:20.609 [main] TRACE - Resolving type for handle strelationshipid1e94type
00:03:20.610 [main] TRACE - Resolving type for handle worksheetf539doctype
00:03:20.614 [main] TRACE - Resolving type for handle ctworksheet530dtype
00:03:20.621 [main] TRACE - Resolving type for handle ctcols627ctype
00:03:20.624 [main] TRACE - Resolving type for handle ctcola95ftype
00:03:20.635 [main] TRACE - Resolving type for handle ctsheetdata8408type
00:03:20.637 [main] TRACE - Resolving type for handle ctrowdd39type
00:03:20.642 [main] TRACE - Resolving type for handle ctcell842btype
00:03:20.647 [main] TRACE - Resolving type for handle stcellrefe4e0type
00:03:20.651 [main] TRACE - Resolving type for handle cthyperlinks6416type
00:03:20.654 [main] TRACE - Resolving type for handle cthyperlink0c85type
00:03:20.658 [main] TRACE - Resolving type for handle stxstringf179type
00:03:20.660 [main] TRACE - Resolving type for handle stcelltypebf95type
00:03:28.159 [main] INFO  - Goto my account-->Click on Login.. 
00:03:28.690 [main] DEBUG - Parsing relationship: /xl/_rels/workbook.xml.rels
00:03:28.691 [main] DEBUG - Parsing relationship: /xl/worksheets/_rels/sheet1.xml.rels
00:03:28.692 [main] DEBUG - Parsing relationship: /_rels/.rels
00:03:28.706 [main] DEBUG - using default POIXMLDocumentPart for http://schemas.openxmlformats.org/officeDocument/2006/relationships/printerSettings
00:03:36.982 [main] INFO  - Goto my account-->Click on Login.. 
00:03:37.583 [main] DEBUG - Parsing relationship: /xl/_rels/workbook.xml.rels
00:03:37.584 [main] DEBUG - Parsing relationship: /xl/worksheets/_rels/sheet1.xml.rels
00:03:37.585 [main] DEBUG - Parsing relationship: /_rels/.rels
00:03:37.603 [main] DEBUG - using default POIXMLDocumentPart for http://schemas.openxmlformats.org/officeDocument/2006/relationships/printerSettings
21:59:37.376 [main] INFO  - Goto my account-->Click on Login.. 
21:59:38.991 [main] INFO  - Entering email and password.. 
21:59:41.872 [main] INFO  - clicked on login button...
21:59:46.994 [main] INFO  - Goto my account-->Click on Login.. 
21:59:47.501 [main] INFO  - Entering email and password.. 
21:59:48.564 [main] INFO  - clicked on login button...
22:02:54.293 [main] INFO  - Goto my account-->Click on Login.. 
22:02:54.933 [main] INFO  - Entering email and password.. 
22:02:56.240 [main] INFO  - clicked on login button...
22:03:08.308 [main] INFO  - Goto my account-->Click on Login.. 
22:03:08.815 [main] INFO  - Entering email and password.. 
22:03:09.901 [main] INFO  - clicked on login button...
22:03:15.003 [main] INFO  - Goto my account-->Click on Login.. 
22:03:15.793 [main] DEBUG - Parsing relationship: /xl/_rels/workbook.xml.rels
22:03:15.796 [main] DEBUG - Parsing relationship: /xl/worksheets/_rels/sheet1.xml.rels
22:03:15.798 [main] DEBUG - Parsing relationship: /_rels/.rels
22:03:15.947 [main] TRACE - Loading type system org.apache.poi.schemas.ooxml.system.ooxml
22:03:15.949 [main] TRACE - Loading type system org.apache.xmlbeans.metadata.system.sXMLCONFIG
22:03:15.949 [main] TRACE - Loading type system org.apache.xmlbeans.metadata.system.sXMLLANG
22:03:15.949 [main] TRACE - Loading type system org.apache.xmlbeans.metadata.system.sXMLSCHEMA
22:03:15.950 [main] TRACE - Loading type system org.apache.xmlbeans.metadata.system.sXMLTOOLS
22:03:15.950 [main] TRACE - Reading unresolved handles for type system org.apache.xmlbeans.metadata.system.sXMLTOOLS
22:03:15.959 [main] TRACE - Finished loading type system org.apache.xmlbeans.metadata.system.sXMLTOOLS
22:03:15.960 [main] TRACE - Reading unresolved handles for type system org.apache.xmlbeans.metadata.system.sXMLSCHEMA
22:03:15.964 [main] TRACE - Finished loading type system org.apache.xmlbeans.metadata.system.sXMLSCHEMA
22:03:15.965 [main] TRACE - Reading unresolved handles for type system org.apache.xmlbeans.metadata.system.sXMLLANG
22:03:15.966 [main] TRACE - Finished loading type system org.apache.xmlbeans.metadata.system.sXMLLANG
22:03:15.967 [main] TRACE - Reading unresolved handles for type system org.apache.xmlbeans.metadata.system.sXMLCONFIG
22:03:15.968 [main] TRACE - Finished loading type system org.apache.xmlbeans.metadata.system.sXMLCONFIG
22:03:15.968 [main] TRACE - Reading unresolved handles for type system org.apache.poi.schemas.ooxml.system.ooxml
22:03:16.017 [main] TRACE - Finished loading type system org.apache.poi.schemas.ooxml.system.ooxml
22:03:16.018 [main] TRACE - Resolving type for handle themefd26doctype
22:03:16.068 [main] TRACE - Resolving type for handle stylesheet5d8bdoctype
22:03:16.072 [main] TRACE - Resolving type for handle ctstylesheet4257type
22:03:16.076 [main] TRACE - Resolving type for handle ctfonts6623type
22:03:16.080 [main] TRACE - Resolving type for handle ctfont14d8type
22:03:16.085 [main] TRACE - Resolving type for handle ctfills2c6ftype
22:03:16.087 [main] TRACE - Resolving type for handle ctfill550ctype
22:03:16.088 [main] TRACE - Resolving type for handle ctborders0d66type
22:03:16.090 [main] TRACE - Resolving type for handle ctborderf935type
22:03:16.093 [main] TRACE - Resolving type for handle ctcellxfs1322type
22:03:16.096 [main] TRACE - Resolving type for handle ctxf97f7type
22:03:16.101 [main] TRACE - Resolving type for handle ctcellstylexfsa81ftype
22:03:16.103 [main] TRACE - Resolving type for handle ctdxfsb26atype
22:03:16.104 [main] TRACE - Resolving type for handle cttablestyles872ftype
22:03:16.107 [main] TRACE - Resolving type for handle sstf81fdoctype
22:03:16.112 [main] TRACE - Resolving type for handle ctsst44f3type
22:03:16.118 [main] TRACE - Resolving type for handle ctrsta472type
22:03:16.128 [main] DEBUG - using default POIXMLDocumentPart for http://schemas.openxmlformats.org/officeDocument/2006/relationships/printerSettings
22:03:16.129 [main] TRACE - Resolving type for handle workbookec17doctype
22:03:16.134 [main] TRACE - Resolving type for handle ctworkbook83c3type
22:03:16.138 [main] TRACE - Resolving type for handle ctsheets49fdtype
22:03:16.140 [main] TRACE - Resolving type for handle ctsheet4dbetype
22:03:16.142 [main] TRACE - Resolving type for handle strelationshipid1e94type
22:03:16.145 [main] TRACE - Resolving type for handle worksheetf539doctype
22:03:16.153 [main] TRACE - Resolving type for handle ctworksheet530dtype
22:03:16.160 [main] TRACE - Resolving type for handle ctcols627ctype
22:03:16.164 [main] TRACE - Resolving type for handle ctcola95ftype
22:03:16.178 [main] TRACE - Resolving type for handle ctsheetdata8408type
22:03:16.180 [main] TRACE - Resolving type for handle ctrowdd39type
22:03:16.184 [main] TRACE - Resolving type for handle ctcell842btype
22:03:16.191 [main] TRACE - Resolving type for handle stcellrefe4e0type
22:03:16.196 [main] TRACE - Resolving type for handle cthyperlinks6416type
22:03:16.199 [main] TRACE - Resolving type for handle cthyperlink0c85type
22:03:16.206 [main] TRACE - Resolving type for handle stxstringf179type
22:03:16.208 [main] TRACE - Resolving type for handle stcelltypebf95type
22:03:31.779 [main] INFO  - Goto my account-->Click on Login.. 
22:03:32.316 [main] DEBUG - Parsing relationship: /xl/_rels/workbook.xml.rels
22:03:32.317 [main] DEBUG - Parsing relationship: /xl/worksheets/_rels/sheet1.xml.rels
22:03:32.318 [main] DEBUG - Parsing relationship: /_rels/.rels
22:03:32.329 [main] DEBUG - using default POIXMLDocumentPart for http://schemas.openxmlformats.org/officeDocument/2006/relationships/printerSettings
22:05:13.367 [main] INFO  - Goto my account-->Click on Login.. 
22:05:17.988 [main] INFO  - Entering email and password.. 
22:05:20.867 [main] INFO  - clicked on login button...
22:05:51.454 [main] INFO  - Goto my account-->Click on Login.. 
22:05:52.289 [main] DEBUG - Parsing relationship: /xl/_rels/workbook.xml.rels
22:05:52.291 [main] DEBUG - Parsing relationship: /xl/worksheets/_rels/sheet1.xml.rels
22:05:52.293 [main] DEBUG - Parsing relationship: /_rels/.rels
22:05:52.413 [main] TRACE - Loading type system org.apache.poi.schemas.ooxml.system.ooxml
22:05:52.417 [main] TRACE - Loading type system org.apache.xmlbeans.metadata.system.sXMLCONFIG
22:05:52.417 [main] TRACE - Loading type system org.apache.xmlbeans.metadata.system.sXMLLANG
22:05:52.417 [main] TRACE - Loading type system org.apache.xmlbeans.metadata.system.sXMLSCHEMA
22:05:52.418 [main] TRACE - Loading type system org.apache.xmlbeans.metadata.system.sXMLTOOLS
22:05:52.418 [main] TRACE - Reading unresolved handles for type system org.apache.xmlbeans.metadata.system.sXMLTOOLS
22:05:52.425 [main] TRACE - Finished loading type system org.apache.xmlbeans.metadata.system.sXMLTOOLS
22:05:52.426 [main] TRACE - Reading unresolved handles for type system org.apache.xmlbeans.metadata.system.sXMLSCHEMA
22:05:52.429 [main] TRACE - Finished loading type system org.apache.xmlbeans.metadata.system.sXMLSCHEMA
22:05:52.430 [main] TRACE - Reading unresolved handles for type system org.apache.xmlbeans.metadata.system.sXMLLANG
22:05:52.431 [main] TRACE - Finished loading type system org.apache.xmlbeans.metadata.system.sXMLLANG
22:05:52.434 [main] TRACE - Reading unresolved handles for type system org.apache.xmlbeans.metadata.system.sXMLCONFIG
22:05:52.435 [main] TRACE - Finished loading type system org.apache.xmlbeans.metadata.system.sXMLCONFIG
22:05:52.435 [main] TRACE - Reading unresolved handles for type system org.apache.poi.schemas.ooxml.system.ooxml
22:05:52.481 [main] TRACE - Finished loading type system org.apache.poi.schemas.ooxml.system.ooxml
22:05:52.482 [main] TRACE - Resolving type for handle themefd26doctype
22:05:52.526 [main] TRACE - Resolving type for handle stylesheet5d8bdoctype
22:05:52.530 [main] TRACE - Resolving type for handle ctstylesheet4257type
22:05:52.533 [main] TRACE - Resolving type for handle ctfonts6623type
22:05:52.534 [main] TRACE - Resolving type for handle ctfont14d8type
22:05:52.539 [main] TRACE - Resolving type for handle ctfills2c6ftype
22:05:52.540 [main] TRACE - Resolving type for handle ctfill550ctype
22:05:52.542 [main] TRACE - Resolving type for handle ctborders0d66type
22:05:52.544 [main] TRACE - Resolving type for handle ctborderf935type
22:05:52.546 [main] TRACE - Resolving type for handle ctcellxfs1322type
22:05:52.547 [main] TRACE - Resolving type for handle ctxf97f7type
22:05:52.550 [main] TRACE - Resolving type for handle ctcellstylexfsa81ftype
22:05:52.552 [main] TRACE - Resolving type for handle ctdxfsb26atype
22:05:52.554 [main] TRACE - Resolving type for handle cttablestyles872ftype
22:05:52.555 [main] TRACE - Resolving type for handle sstf81fdoctype
22:05:52.559 [main] TRACE - Resolving type for handle ctsst44f3type
22:05:52.564 [main] TRACE - Resolving type for handle ctrsta472type
22:05:52.577 [main] DEBUG - using default POIXMLDocumentPart for http://schemas.openxmlformats.org/officeDocument/2006/relationships/printerSettings
22:05:52.578 [main] TRACE - Resolving type for handle workbookec17doctype
22:05:52.582 [main] TRACE - Resolving type for handle ctworkbook83c3type
22:05:52.586 [main] TRACE - Resolving type for handle ctsheets49fdtype
22:05:52.588 [main] TRACE - Resolving type for handle ctsheet4dbetype
22:05:52.589 [main] TRACE - Resolving type for handle strelationshipid1e94type
22:05:52.590 [main] TRACE - Resolving type for handle worksheetf539doctype
22:05:52.595 [main] TRACE - Resolving type for handle ctworksheet530dtype
22:05:52.602 [main] TRACE - Resolving type for handle ctcols627ctype
22:05:52.606 [main] TRACE - Resolving type for handle ctcola95ftype
22:05:52.618 [main] TRACE - Resolving type for handle ctsheetdata8408type
22:05:52.619 [main] TRACE - Resolving type for handle ctrowdd39type
22:05:52.622 [main] TRACE - Resolving type for handle ctcell842btype
22:05:52.626 [main] TRACE - Resolving type for handle stcellrefe4e0type
22:05:52.631 [main] TRACE - Resolving type for handle cthyperlinks6416type
22:05:52.633 [main] TRACE - Resolving type for handle cthyperlink0c85type
22:05:52.637 [main] TRACE - Resolving type for handle stxstringf179type
22:05:52.639 [main] TRACE - Resolving type for handle stcelltypebf95type
